<?xml version="1.0" encoding="UTF-8"?>
<!-- Generated by org.testng.reporters.JUnitReportReporter -->
<testsuite hostname="LAPTOP-HFUH93AU" failures="0" tests="1" name="com.test.Junit" time="28.396" errors="0" timestamp="12 Dec 2021 04:29:43 GMT" skipped="0">
  <testcase classname="com.test.Junit" name="cancelBooking" time="28.396"/>
</testsuite> <!-- com.test.Junit -->
