<?xml version="1.0" encoding="UTF-8"?>
<!-- Generated by org.testng.reporters.JUnitReportReporter -->
<testsuite hostname="LAPTOP-HFUH93AU" failures="0" tests="4" name="com.multiple.MultipleBrowsers" time="17.264" errors="0" timestamp="14 Dec 2021 06:17:33 GMT" skipped="0">
  <testcase classname="com.multiple.MultipleBrowsers" name="login1" time="6.239"/>
  <testcase classname="com.multiple.MultipleBrowsers" name="login1" time="0.002"/>
  <testcase classname="com.multiple.MultipleBrowsers" name="login2" time="11.021"/>
  <testcase classname="com.multiple.MultipleBrowsers" name="login2" time="0.002"/>
</testsuite> <!-- com.multiple.MultipleBrowsers -->
